<?xml version="1.0" encoding="UTF-8"?>
<testng-results ignored="0" total="0" passed="0" failed="0" skipped="0">
  <reporter-output>
  </reporter-output>
  <suite started-at="2024-11-30T10:24:25 IST" name="Saucedemo_Automation.Saucedemo_Automation.Test_Runner" finished-at="2024-11-30T10:24:25 IST" duration-ms="7">
    <groups>
    </groups>
    <test started-at="2024-11-30T10:24:25 IST" name="Default XmlTest name afeee6d0-0829-4b88-868a-397a6c5998ae" finished-at="2024-11-30T10:24:25 IST" duration-ms="7">
    </test> <!-- Default XmlTest name afeee6d0-0829-4b88-868a-397a6c5998ae -->
  </suite> <!-- Saucedemo_Automation.Saucedemo_Automation.Test_Runner -->
</testng-results>
